#
# A fatal error has been detected by the Java Runtime Environment:
#
#  EXCEPTION_ACCESS_VIOLATION (0xc0000005) at pc=0x00007ffc9fbaafa0, pid=7616, tid=14632
#
# JRE version: OpenJDK Runtime Environment Temurin-21.0.5+11 (21.0.5+11) (build 21.0.5+11-LTS)
# Java VM: OpenJDK 64-Bit Server VM Temurin-21.0.5+11 (21.0.5+11-LTS, mixed mode, emulated-client, sharing, tiered, compressed oops, compressed class ptrs, g1 gc, windows-amd64)
# Problematic frame:
# V  [jvm.dll+0x67afa0]
#
# No core dump will be written. Minidumps are not enabled by default on client versions of Windows
#
# If you would like to submit a bug report, please visit:
#   https://github.com/adoptium/adoptium-support/issues
#

---------------  S U M M A R Y ------------

Command Line: -Dcom.sun.management.jmxremote -Dcom.sun.management.jmxremote.port=58570 -Dcom.sun.management.jmxremote.authenticate=false -Dcom.sun.management.jmxremote.ssl=false -Djava.rmi.server.hostname=localhost -Dspring.jmx.enabled=true -Dmanagement.endpoints.jmx.exposure.include=* -Dspring.application.admin.enabled=true -XX:TieredStopAtLevel=1 -Dspring.boot.project.name=Online-Hostel-Listing -Dfile.encoding=UTF-8 -Dstdout.encoding=UTF-8 -Dstderr.encoding=UTF-8 -XX:+ShowCodeDetailsInExceptionMessages com.rk.OnlineHostelListingApplication --spring.output.ansi.enabled=always

Host: Intel(R) Core(TM) i5-8350U CPU @ 1.70GHz, 8 cores, 15G,  Windows 11 , 64 bit Build 26100 (10.0.26100.5074)
Time: Sat Sep 20 04:22:58 2025 India Standard Time elapsed time: 299.208032 seconds (0d 0h 4m 59s)

---------------  T H R E A D  ---------------

Current thread (0x000002312e11f890):  WorkerThread "GC Thread#0"    [id=14632, stack(0x0000008fab500000,0x0000008fab600000) (1024K)]

Stack: [0x0000008fab500000,0x0000008fab600000],  sp=0x0000008fab5fdec8,  free space=1015k
Native frames: (J=compiled Java code, j=interpreted, Vv=VM code, C=native code)
V  [jvm.dll+0x67afa0]

JavaThread 0x000002317e832d80 (nid = 3588) was being processed
Java frames: (J=compiled Java code, j=interpreted, Vv=VM code)
j  java.lang.Object.wait0(J)V+0 java.base@21.0.5
j  java.lang.Object.wait(J)V+6 java.base@21.0.5
j  com.sun.jmx.remote.internal.ServerCommunicatorAdmin$Timeout.run()V+208 java.management@21.0.5

[error occurred during error reporting (printing target Java thread stack), id 0xc0000005, EXCEPTION_ACCESS_VIOLATION (0xc0000005) at pc=0x00007ffc9fbae94a]

siginfo: EXCEPTION_ACCESS_VIOLATION (0xc0000005), reading address 0xffffffffffffffff


Registers:
RAX=0x0000008fad7ff3b0, RBX=0x000002312e130b00, RCX=0x800002313d42b128, RDX=0x000002313dbb8d3d
RSP=0x0000008fab5fdec8, RBP=0x0000008fab5fdfd0, RSI=0x0000008fab5fe1a0, RDI=0x000002310542b5a8
R8 =0x0000008fab5fe1d8, R9 =0x0000000000000001, R10=0x0000023131bc0000, R11=0x0000008fab5fe048
R12=0x000002312be2ed98, R13=0x000002312e11f890, R14=0x0000008fab5fe1d8, R15=0x00007ffc9fd8a690
RIP=0x00007ffc9fbaafa0, EFLAGS=0x0000000000010206


Register to memory mapping:

RAX=0x0000008fad7ff3b0 is pointing into the stack for thread: 0x000002317e832d80
RBX=0x000002312e130b00 points into unknown readable memory: 0x0000000000000000 | 00 00 00 00 00 00 00 00
RCX=0x800002313d42b128 is an unknown value
RDX=0x000002313dbb8d3d is pointing into metadata
RSP=0x0000008fab5fdec8 points into unknown readable memory: 0x00007ffc9f8448ac | ac 48 84 9f fc 7f 00 00
RBP=0x0000008fab5fdfd0 points into unknown readable memory: 0x0000023100000000 | 00 00 00 00 31 02 00 00
RSI=0x0000008fab5fe1a0 points into unknown readable memory: 0x0000008fad7ff328 | 28 f3 7f ad 8f 00 00 00
RDI=0x000002310542b5a8 points into unknown readable memory: 0x00007ffc9ff5c8b0 | b0 c8 f5 9f fc 7f 00 00
R8 =0x0000008fab5fe1d8 points into unknown readable memory: 0x0000000000000000 | 00 00 00 00 00 00 00 00
R9 =0x0000000000000001 is an unknown value
R10=0x0000023131bc0000 points into unknown readable memory: 0x0000000000000006 | 06 00 00 00 00 00 00 00
R11=0x0000008fab5fe048 points into unknown readable memory: 0x00007ffc9f84456d | 6d 45 84 9f fc 7f 00 00
R12=0x000002312be2ed98 points into unknown readable memory: 0x100000fc52de1d25 | 25 1d de 52 fc 00 00 10
R13=0x000002312e11f890 points into unknown readable memory: 0x00007ffca0009038 | 38 90 00 a0 fc 7f 00 00
R14=0x0000008fab5fe1d8 points into unknown readable memory: 0x0000000000000000 | 00 00 00 00 00 00 00 00
R15=0x00007ffc9fd8a690 jvm.dll

Top of Stack: (sp=0x0000008fab5fdec8)
0x0000008fab5fdec8:   00007ffc9f8448ac 0000008fab5fdfd0
0x0000008fab5fded8:   000002312e130b00 000002310542b650
0x0000008fab5fdee8:   0000008fab5fe1a0 000000d032361d01
0x0000008fab5fdef8:   800002313d42b128 000002312e11f890
0x0000008fab5fdf08:   800002313d42b128 0000023132361f50
0x0000008fab5fdf18:   0000023132361d90 00000231323620b5
0x0000008fab5fdf28:   000002310095bd18 00000231000000b6
0x0000008fab5fdf38:   000002310095be80 00007ffc9ff52140
0x0000008fab5fdf48:   0000008fab5fe1a0 000002310542b5a8
0x0000008fab5fdf58:   0000000700000008 0000023132362048
0x0000008fab5fdf68:   00000231323620c0 00007ffc9ff380c8
0x0000008fab5fdf78:   0000008fab5fdf00 000000000000000c
0x0000008fab5fdf88:   0000000000000000 0000023132361d90
0x0000008fab5fdf98:   000067d9895a5626 00007ffc9fd8a690
0x0000008fab5fdfa8:   0000008fab5fe030 00000000000003d8
0x0000008fab5fdfb8:   000002312be2ed98 000002310095be80
0x0000008fab5fdfc8:   00000010323600d0 0000023100000000
0x0000008fab5fdfd8:   0000000000008011 0000000000000000
0x0000008fab5fdfe8:   0000000000000000 0000000000000000
0x0000008fab5fdff8:   0000023100000002 000067d9895a5616
0x0000008fab5fe008:   00007ffc9f855217 000002310542b5a8
0x0000008fab5fe018:   00000000000003d8 000002312be2ed98
0x0000008fab5fe028:   0000008fab5fe1a0 000002310542b650
0x0000008fab5fe038:   00007ffc9fd8a690 000002310542b5a8
0x0000008fab5fe048:   00007ffc9f84456d 0000000000000000
0x0000008fab5fe058:   000002310542b650 0000000000000000
0x0000008fab5fe068:   00007ffc9f6d3720 0000008fab5fe160
0x0000008fab5fe078:   0000000000000000 0000000000000000
0x0000008fab5fe088:   0000000000000000 0000008fab5fe160
0x0000008fab5fe098:   00007ffc9f846384 0000008fab5fe1d8
0x0000008fab5fe0a8:   0000008fab5fe1a0 0000008fab5fe160
0x0000008fab5fe0b8:   0000000000000000 0000023131bc8aaa 

Instructions: (pc=0x00007ffc9fbaafa0)
0x00007ffc9fbaaea0:   00 00 c0 e9 03 f6 c1 01 75 07 c7 47 2c fd ff ff
0x00007ffc9fbaaeb0:   ff 48 39 77 38 74 04 48 89 77 38 48 8b 47 50 48
0x00007ffc9fbaaec0:   85 c0 74 04 48 89 77 50 48 89 77 20 48 89 77 40
0x00007ffc9fbaaed0:   90 48 8b 47 38 48 89 47 50 90 48 89 77 48 40 f6
0x00007ffc9fbaaee0:   c5 01 74 11 48 8b cf e8 14 06 00 00 48 89 77 60
0x00007ffc9fbaaef0:   eb 03 48 8b fe 48 8b 6c 24 40 48 8b c7 48 8b 5c
0x00007ffc9fbaaf00:   24 48 48 8b 74 24 50 48 8b 7c 24 58 48 83 c4 30
0x00007ffc9fbaaf10:   41 5e c3 cc cc cc cc cc cc cc cc cc cc cc cc cc
0x00007ffc9fbaaf20:   4c 8b 41 18 48 8b 51 10 4d 85 c0 74 07 41 f6 40
0x00007ffc9fbaaf30:   0c 01 75 0e 48 85 d2 74 0f f6 82 d0 00 00 00 01
0x00007ffc9fbaaf40:   74 06 b8 00 00 00 40 c3 33 c0 4d 85 c0 74 08 41
0x00007ffc9fbaaf50:   8b 48 0c d1 e9 eb 02 8b c8 48 85 d2 74 08 8b 82
0x00007ffc9fbaaf60:   d0 00 00 00 d1 e8 03 c1 c3 cc cc cc cc cc cc cc
0x00007ffc9fbaaf70:   8b 41 28 c1 e8 08 a8 01 74 08 48 85 d2 75 03 33
0x00007ffc9fbaaf80:   c0 c3 2b 51 08 8d 42 c8 c3 cc cc cc cc cc cc cc
0x00007ffc9fbaaf90:   48 8b 41 08 48 83 c0 38 48 63 d2 48 03 c2 c3 cc
0x00007ffc9fbaafa0:   8b 41 28 c1 e8 08 a8 01 74 0e 48 85 d2 75 09 48
0x00007ffc9fbaafb0:   8b 41 08 48 83 c0 38 c3 48 8b c2 c3 cc cc cc cc
0x00007ffc9fbaafc0:   40 53 48 83 ec 30 80 3d 0d ea 60 00 00 48 8b d9
0x00007ffc9fbaafd0:   74 08 33 c0 48 83 c4 30 5b c3 4c 89 74 24 58 48
0x00007ffc9fbaafe0:   89 54 24 20 48 89 5c 24 28 48 85 d2 74 16 48 8b
0x00007ffc9fbaaff0:   89 28 03 00 00 48 89 54 24 50 48 8d 54 24 50 e8
0x00007ffc9fbab000:   2c e8 98 ff 48 8b 03 48 8b cb ff 50 38 48 8d 4c
0x00007ffc9fbab010:   24 20 84 c0 74 1c 48 8b d3 e8 92 6b 00 00 48 83
0x00007ffc9fbab020:   7b 08 00 4c 8b f0 74 12 48 8b cb e8 60 b8 c8 ff
0x00007ffc9fbab030:   eb 08 e8 29 6b 00 00 4c 8b f0 4d 85 f6 75 10 e8
0x00007ffc9fbab040:   0c bf bd ff 33 db c6 05 8d e9 60 00 01 eb 76 48
0x00007ffc9fbab050:   8b 4c 24 20 33 c0 f0 4c 0f b1 71 18 74 5e 48 8b
0x00007ffc9fbab060:   44 24 20 48 89 74 24 40 48 89 7c 24 48 48 8b 48
0x00007ffc9fbab070:   08 48 8b 41 08 48 8b 48 18 49 8b 06 48 8b b1 98
0x00007ffc9fbab080:   00 00 00 49 8b ce ff 50 30 49 8b 16 49 8b ce 48
0x00007ffc9fbab090:   63 d8 ff 52 08 48 8b ce 0f b6 f8 e8 00 6a ba ff 


Stack slot to memory mapping:

stack at sp + 0 slots: 0x00007ffc9f8448ac jvm.dll
stack at sp + 1 slots: 0x0000008fab5fdfd0 points into unknown readable memory: 0x0000023100000000 | 00 00 00 00 31 02 00 00
stack at sp + 2 slots: 0x000002312e130b00 points into unknown readable memory: 0x0000000000000000 | 00 00 00 00 00 00 00 00
stack at sp + 3 slots: 0x000002310542b650 points into unknown readable memory: 0x00007ffc9ff5c8a0 | a0 c8 f5 9f fc 7f 00 00
stack at sp + 4 slots: 0x0000008fab5fe1a0 points into unknown readable memory: 0x0000008fad7ff328 | 28 f3 7f ad 8f 00 00 00
stack at sp + 5 slots: 0x000000d032361d01 is an unknown value
stack at sp + 6 slots: 0x800002313d42b128 is an unknown value
stack at sp + 7 slots: 0x000002312e11f890 points into unknown readable memory: 0x00007ffca0009038 | 38 90 00 a0 fc 7f 00 00


---------------  P R O C E S S  ---------------

Threads class SMR info:
_java_thread_list=0x0000023104b0e600, length=35, elements={
0x000002313c7224e0, 0x000002313c7251e0, 0x000002313c72af40, 0x000002313c72fb00,
0x000002313c734f60, 0x000002313c736130, 0x000002313c740050, 0x000002313c8e53b0,
0x000002313c9ac5c0, 0x000002317e2aa890, 0x000002317e2911a0, 0x000002317e29aa50,
0x000002317e78beb0, 0x000002317e7d65f0, 0x000002317e832d80, 0x000002317e834130,
0x000002310541caa0, 0x00000231054212d0, 0x000002310541b060, 0x000002310541e4e0,
0x000002310541bd80, 0x000002310541eb70, 0x000002310541b6f0, 0x000002310541f890,
0x00000231054205b0, 0x0000023105420c40, 0x0000023105421960, 0x0000023105421ff0,
0x0000023105422680, 0x000002310541f200, 0x000002317e8326f0, 0x000002317e833aa0,
0x000002317e834e50, 0x000002317e8347c0, 0x000002317e8354e0
}

Java Threads: ( => current thread )
  0x000002313c7224e0 JavaThread "Reference Handler"          daemon [_thread_blocked, id=22640, stack(0x0000008fabc00000,0x0000008fabd00000) (1024K)]
  0x000002313c7251e0 JavaThread "Finalizer"                  daemon [_thread_blocked, id=15948, stack(0x0000008fabd00000,0x0000008fabe00000) (1024K)]
  0x000002313c72af40 JavaThread "Signal Dispatcher"          daemon [_thread_blocked, id=24060, stack(0x0000008fabe00000,0x0000008fabf00000) (1024K)]
  0x000002313c72fb00 JavaThread "Attach Listener"            daemon [_thread_blocked, id=22520, stack(0x0000008fabf00000,0x0000008fac000000) (1024K)]
  0x000002313c734f60 JavaThread "Service Thread"             daemon [_thread_blocked, id=22220, stack(0x0000008fac000000,0x0000008fac100000) (1024K)]
  0x000002313c736130 JavaThread "Monitor Deflation Thread"   daemon [_thread_blocked, id=4184, stack(0x0000008fac100000,0x0000008fac200000) (1024K)]
  0x000002313c740050 JavaThread "C1 CompilerThread0"         daemon [_thread_blocked, id=15404, stack(0x0000008fac200000,0x0000008fac300000) (1024K)]
  0x000002313c8e53b0 JavaThread "Common-Cleaner"             daemon [_thread_blocked, id=9552, stack(0x0000008fac300000,0x0000008fac400000) (1024K)]
  0x000002313c9ac5c0 JavaThread "Notification Thread"        daemon [_thread_blocked, id=17376, stack(0x0000008fac700000,0x0000008fac800000) (1024K)]
  0x000002317e2aa890 JavaThread "RMI TCP Accept-0"           daemon [_thread_in_native, id=19196, stack(0x0000008fac800000,0x0000008fac900000) (1024K)]
  0x000002317e2911a0 JavaThread "RMI TCP Accept-58570"       daemon [_thread_in_native, id=22856, stack(0x0000008fac900000,0x0000008faca00000) (1024K)]
  0x000002317e29aa50 JavaThread "RMI TCP Accept-0"           daemon [_thread_in_native, id=24208, stack(0x0000008faca00000,0x0000008facb00000) (1024K)]
  0x000002317e78beb0 JavaThread "RMI Scheduler(0)"           daemon [_thread_blocked, id=24204, stack(0x0000008fad500000,0x0000008fad600000) (1024K)]
  0x000002317e7d65f0 JavaThread "RMI TCP Connection(idle)"   daemon [_thread_blocked, id=5272, stack(0x0000008fad600000,0x0000008fad700000) (1024K)]
  0x000002317e832d80 JavaThread "JMX server connection timeout 38" daemon [_thread_blocked, id=3588, stack(0x0000008fad700000,0x0000008fad800000) (1024K)]
  0x000002317e834130 JavaThread "mysql-cj-abandoned-connection-cleanup" daemon [_thread_blocked, id=22936, stack(0x0000008fad900000,0x0000008fada00000) (1024K)]
  0x000002310541caa0 JavaThread "Live Reload Server"         daemon [_thread_in_native, id=23088, stack(0x0000008fae100000,0x0000008fae200000) (1024K)]
  0x00000231054212d0 JavaThread "DestroyJavaVM"                     [_thread_blocked, id=8480, stack(0x0000008fab400000,0x0000008fab500000) (1024K)]
  0x000002310541b060 JavaThread "HikariPool-2:housekeeper"   daemon [_thread_blocked, id=24260, stack(0x0000008fac600000,0x0000008fac700000) (1024K)]
  0x000002310541e4e0 JavaThread "Catalina-utility-1"                [_thread_blocked, id=18980, stack(0x0000008fad300000,0x0000008fad400000) (1024K)]
  0x000002310541bd80 JavaThread "Catalina-utility-2"                [_thread_blocked, id=20864, stack(0x0000008fad400000,0x0000008fad500000) (1024K)]
  0x000002310541eb70 JavaThread "container-0"                       [_thread_blocked, id=1424, stack(0x0000008fadb00000,0x0000008fadc00000) (1024K)]
  0x000002310541b6f0 JavaThread "File Watcher"               daemon [_thread_blocked, id=18868, stack(0x0000008fadc00000,0x0000008fadd00000) (1024K)]
  0x000002310541f890 JavaThread "http-nio-8080-exec-1"       daemon [_thread_blocked, id=13564, stack(0x0000008fadd00000,0x0000008fade00000) (1024K)]
  0x00000231054205b0 JavaThread "http-nio-8080-exec-2"       daemon [_thread_blocked, id=21056, stack(0x0000008fade00000,0x0000008fadf00000) (1024K)]
  0x0000023105420c40 JavaThread "http-nio-8080-exec-3"       daemon [_thread_blocked, id=20924, stack(0x0000008fadf00000,0x0000008fae000000) (1024K)]
  0x0000023105421960 JavaThread "http-nio-8080-exec-4"       daemon [_thread_blocked, id=19192, stack(0x0000008fae000000,0x0000008fae100000) (1024K)]
  0x0000023105421ff0 JavaThread "http-nio-8080-exec-5"       daemon [_thread_blocked, id=468, stack(0x0000008fae200000,0x0000008fae300000) (1024K)]
  0x0000023105422680 JavaThread "http-nio-8080-exec-6"       daemon [_thread_blocked, id=26564, stack(0x0000008fae300000,0x0000008fae400000) (1024K)]
  0x000002310541f200 JavaThread "http-nio-8080-exec-7"       daemon [_thread_blocked, id=22680, stack(0x0000008fae400000,0x0000008fae500000) (1024K)]
  0x000002317e8326f0 JavaThread "http-nio-8080-exec-8"       daemon [_thread_blocked, id=24480, stack(0x0000008fae500000,0x0000008fae600000) (1024K)]
  0x000002317e833aa0 JavaThread "http-nio-8080-exec-9"       daemon [_thread_blocked, id=11372, stack(0x0000008fae600000,0x0000008fae700000) (1024K)]
  0x000002317e834e50 JavaThread "http-nio-8080-exec-10"      daemon [_thread_blocked, id=6592, stack(0x0000008fae700000,0x0000008fae800000) (1024K)]
  0x000002317e8347c0 JavaThread "http-nio-8080-Poller"       daemon [_thread_in_native, id=6856, stack(0x0000008fae800000,0x0000008fae900000) (1024K)]
  0x000002317e8354e0 JavaThread "http-nio-8080-Acceptor"     daemon [_thread_in_native, id=16584, stack(0x0000008fae900000,0x0000008faea00000) (1024K)]
Total: 35

Other Threads:
  0x000002313c707cb0 VMThread "VM Thread"                           [id=11680, stack(0x0000008fabb00000,0x0000008fabc00000) (1024K)]
  0x000002313c6f56b0 WatcherThread "VM Periodic Task Thread"        [id=26348, stack(0x0000008faba00000,0x0000008fabb00000) (1024K)]
=>0x000002312e11f890 WorkerThread "GC Thread#0"                     [id=14632, stack(0x0000008fab500000,0x0000008fab600000) (1024K)]
  0x000002317e3582b0 WorkerThread "GC Thread#1"                     [id=2104, stack(0x0000008facb00000,0x0000008facc00000) (1024K)]
  0x000002317e38b040 WorkerThread "GC Thread#2"                     [id=20244, stack(0x0000008facc00000,0x0000008facd00000) (1024K)]
  0x000002317e38b3e0 WorkerThread "GC Thread#3"                     [id=2452, stack(0x0000008facd00000,0x0000008face00000) (1024K)]
  0x000002317e38dba0 WorkerThread "GC Thread#4"                     [id=25348, stack(0x0000008face00000,0x0000008facf00000) (1024K)]
  0x000002317e392360 WorkerThread "GC Thread#5"                     [id=7312, stack(0x0000008facf00000,0x0000008fad000000) (1024K)]
  0x000002317e3df560 WorkerThread "GC Thread#6"                     [id=24612, stack(0x0000008fad000000,0x0000008fad100000) (1024K)]
  0x000002317e3df900 WorkerThread "GC Thread#7"                     [id=7596, stack(0x0000008fad100000,0x0000008fad200000) (1024K)]
  0x000002312e1305d0 ConcurrentGCThread "G1 Main Marker"            [id=2248, stack(0x0000008fab600000,0x0000008fab700000) (1024K)]
  0x000002312e132600 WorkerThread "G1 Conc#0"                       [id=13716, stack(0x0000008fab700000,0x0000008fab800000) (1024K)]
  0x000002317ee67b40 WorkerThread "G1 Conc#1"                       [id=22344, stack(0x0000008fad800000,0x0000008fad900000) (1024K)]
  0x000002313c5c39f0 ConcurrentGCThread "G1 Refine#0"               [id=11332, stack(0x0000008fab800000,0x0000008fab900000) (1024K)]
  0x000002313c5c3e20 ConcurrentGCThread "G1 Service"                [id=19368, stack(0x0000008fab900000,0x0000008faba00000) (1024K)]
Total: 15

Threads with active compile tasks:
Total: 0

VM state: at safepoint (normal execution)

VM Mutex/Monitor currently owned by a thread:  ([mutex/lock_event])
[0x00007ffca01dd380] Threads_lock - owner thread: 0x000002313c707cb0
[0x00007ffca01dd480] Heap_lock - owner thread: 0x00000231054205b0

Heap address: 0x0000000702200000, size: 4062 MB, Compressed Oops mode: Zero based, Oop shift amount: 3

CDS archive(s) mapped at: [0x000002313d000000-0x000002313dc80000-0x000002313dc80000), size 13107200, SharedBaseAddress: 0x000002313d000000, ArchiveRelocationMode: 1.
Compressed class space mapped at: 0x000002313e000000-0x000002317e000000, reserved size: 1073741824
Narrow klass base: 0x000002313d000000, Narrow klass shift: 0, Narrow klass range: 0x100000000

GC Precious Log:
 CardTable entry size: 512
 Card Set container configuration: InlinePtr #cards 4 size 8 Array Of Cards #cards 16 size 48 Howl #buckets 8 coarsen threshold 3686 Howl Bitmap #cards 512 size 80 coarsen threshold 460 Card regions per heap region 1 cards per card region 4096
 CPUs: 8 total, 8 available
 Memory: 16242M
 Large Page Support: Disabled
 NUMA Support: Disabled
 Compressed Oops: Enabled (Zero based)
 Heap Region Size: 2M
 Heap Min Capacity: 8M
 Heap Initial Capacity: 254M
 Heap Max Capacity: 4062M
 Pre-touch: Disabled
 Parallel Workers: 8
 Concurrent Workers: 2
 Concurrent Refinement Workers: 8
 Periodic GC: Disabled

Heap:
 garbage-first heap   total 100352K, used 83001K [0x0000000702200000, 0x0000000800000000)
  region size 2048K, 26 young (53248K), 2 survivors (4096K)
 Metaspace       used 73375K, committed 74240K, reserved 1114112K
  class space    used 10273K, committed 10688K, reserved 1048576K

Heap Regions: E=young(eden), S=young(survivor), O=old, HS=humongous(starts), HC=humongous(continues), CS=collection set, F=free, TAMS=top-at-mark-start, PB=parsable bottom
|   0|0x0000000702200000, 0x0000000702400000, 0x0000000702400000|100%| O|  |TAMS 0x0000000702200000| PB 0x0000000702200000| Untracked 
|   1|0x0000000702400000, 0x00000007025ffff0, 0x0000000702600000| 99%| O|  |TAMS 0x0000000702400000| PB 0x0000000702400000| Untracked 
|   2|0x0000000702600000, 0x00000007027ffff8, 0x0000000702800000| 99%| O|  |TAMS 0x0000000702600000| PB 0x0000000702600000| Untracked 
|   3|0x0000000702800000, 0x0000000702a00000, 0x0000000702a00000|100%| O|  |TAMS 0x0000000702800000| PB 0x0000000702800000| Untracked 
|   4|0x0000000702a00000, 0x0000000702bfffe8, 0x0000000702c00000| 99%| O|  |TAMS 0x0000000702a00000| PB 0x0000000702a00000| Untracked 
|   5|0x0000000702c00000, 0x0000000702dffff8, 0x0000000702e00000| 99%| O|  |TAMS 0x0000000702c00000| PB 0x0000000702c00000| Untracked 
|   6|0x0000000702e00000, 0x0000000702fffff8, 0x0000000703000000| 99%| O|  |TAMS 0x0000000702e00000| PB 0x0000000702e00000| Untracked 
|   7|0x0000000703000000, 0x0000000703200000, 0x0000000703200000|100%| O|  |TAMS 0x0000000703000000| PB 0x0000000703000000| Untracked 
|   8|0x0000000703200000, 0x0000000703382590, 0x0000000703400000| 75%| O|  |TAMS 0x0000000703200000| PB 0x0000000703200000| Untracked 
|   9|0x0000000703400000, 0x0000000703600000, 0x0000000703600000|100%| O|  |TAMS 0x0000000703400000| PB 0x0000000703400000| Untracked 
|  10|0x0000000703600000, 0x0000000703800000, 0x0000000703800000|100%| O|  |TAMS 0x0000000703600000| PB 0x0000000703600000| Untracked 
|  11|0x0000000703800000, 0x00000007039ffff8, 0x0000000703a00000| 99%| O|  |TAMS 0x0000000703800000| PB 0x0000000703800000| Untracked 
|  12|0x0000000703a00000, 0x0000000703c00000, 0x0000000703c00000|100%| O|  |TAMS 0x0000000703a00000| PB 0x0000000703a00000| Untracked 
|  13|0x0000000703c00000, 0x0000000703d34c30, 0x0000000703e00000| 60%| O|  |TAMS 0x0000000703c00000| PB 0x0000000703c00000| Untracked 
|  14|0x0000000703e00000, 0x0000000703ffff88, 0x0000000704000000| 99%| O|  |TAMS 0x0000000703e00000| PB 0x0000000703e00000| Untracked 
|  15|0x0000000704000000, 0x00000007040faa38, 0x0000000704200000| 48%| O|  |TAMS 0x0000000704000000| PB 0x0000000704000000| Untracked 
|  16|0x0000000704200000, 0x0000000704377690, 0x0000000704400000| 73%| O|  |TAMS 0x0000000704200000| PB 0x0000000704200000| Untracked 
|  17|0x0000000704400000, 0x0000000704400000, 0x0000000704600000|  0%| F|  |TAMS 0x0000000704400000| PB 0x0000000704400000| Untracked 
|  18|0x0000000704600000, 0x0000000704650058, 0x0000000704800000| 15%| O|  |TAMS 0x0000000704600000| PB 0x0000000704600000| Untracked 
|  19|0x0000000704800000, 0x0000000704800000, 0x0000000704a00000|  0%| F|  |TAMS 0x0000000704800000| PB 0x0000000704800000| Untracked 
|  20|0x0000000704a00000, 0x0000000704b0cb88, 0x0000000704c00000| 52%| E|CS|TAMS 0x0000000704a00000| PB 0x0000000704a00000| Complete 
|  21|0x0000000704c00000, 0x0000000704e00000, 0x0000000704e00000|100%| E|CS|TAMS 0x0000000704c00000| PB 0x0000000704c00000| Complete 
|  22|0x0000000704e00000, 0x0000000705000000, 0x0000000705000000|100%| E|CS|TAMS 0x0000000704e00000| PB 0x0000000704e00000| Complete 
|  23|0x0000000705000000, 0x00000007051a14e0, 0x0000000705200000| 81%| S|  |TAMS 0x0000000705000000| PB 0x0000000705000000| Complete 
|  24|0x0000000705200000, 0x0000000705400000, 0x0000000705400000|100%| S|  |TAMS 0x0000000705200000| PB 0x0000000705200000| Complete 
|  25|0x0000000705400000, 0x0000000705600000, 0x0000000705600000|100%| E|CS|TAMS 0x0000000705400000| PB 0x0000000705400000| Complete 
|  26|0x0000000705600000, 0x0000000705800000, 0x0000000705800000|100%| E|CS|TAMS 0x0000000705600000| PB 0x0000000705600000| Complete 
|  27|0x0000000705800000, 0x0000000705a00000, 0x0000000705a00000|100%| E|CS|TAMS 0x0000000705800000| PB 0x0000000705800000| Complete 
|  28|0x0000000705a00000, 0x0000000705c00000, 0x0000000705c00000|100%| E|CS|TAMS 0x0000000705a00000| PB 0x0000000705a00000| Complete 
|  29|0x0000000705c00000, 0x0000000705e00000, 0x0000000705e00000|100%| E|CS|TAMS 0x0000000705c00000| PB 0x0000000705c00000| Complete 
|  30|0x0000000705e00000, 0x0000000706000000, 0x0000000706000000|100%| E|CS|TAMS 0x0000000705e00000| PB 0x0000000705e00000| Complete 
|  31|0x0000000706000000, 0x0000000706200000, 0x0000000706200000|100%| E|CS|TAMS 0x0000000706000000| PB 0x0000000706000000| Complete 
|  32|0x0000000706200000, 0x0000000706400000, 0x0000000706400000|100%| E|CS|TAMS 0x0000000706200000| PB 0x0000000706200000| Complete 
|  33|0x0000000706400000, 0x0000000706600000, 0x0000000706600000|100%| E|CS|TAMS 0x0000000706400000| PB 0x0000000706400000| Complete 
|  34|0x0000000706600000, 0x0000000706800000, 0x0000000706800000|100%| E|CS|TAMS 0x0000000706600000| PB 0x0000000706600000| Complete 
|  35|0x0000000706800000, 0x0000000706a00000, 0x0000000706a00000|100%| E|CS|TAMS 0x0000000706800000| PB 0x0000000706800000| Complete 
|  36|0x0000000706a00000, 0x0000000706c00000, 0x0000000706c00000|100%| E|CS|TAMS 0x0000000706a00000| PB 0x0000000706a00000| Complete 
|  37|0x0000000706c00000, 0x0000000706e00000, 0x0000000706e00000|100%| E|CS|TAMS 0x0000000706c00000| PB 0x0000000706c00000| Complete 
|  38|0x0000000706e00000, 0x0000000707000000, 0x0000000707000000|100%| E|CS|TAMS 0x0000000706e00000| PB 0x0000000706e00000| Complete 
|  39|0x0000000707000000, 0x0000000707200000, 0x0000000707200000|100%| E|CS|TAMS 0x0000000707000000| PB 0x0000000707000000| Complete 
|  40|0x0000000707200000, 0x0000000707400000, 0x0000000707400000|100%| E|CS|TAMS 0x0000000707200000| PB 0x0000000707200000| Complete 
|  41|0x0000000707400000, 0x0000000707600000, 0x0000000707600000|100%| E|CS|TAMS 0x0000000707400000| PB 0x0000000707400000| Complete 
|  42|0x0000000707600000, 0x0000000707800000, 0x0000000707800000|100%| E|CS|TAMS 0x0000000707600000| PB 0x0000000707600000| Complete 
|  43|0x0000000707800000, 0x0000000707a00000, 0x0000000707a00000|100%| E|CS|TAMS 0x0000000707800000| PB 0x0000000707800000| Complete 
|  44|0x0000000707a00000, 0x0000000707c00000, 0x0000000707c00000|100%| E|CS|TAMS 0x0000000707a00000| PB 0x0000000707a00000| Complete 
|  61|0x0000000709c00000, 0x0000000709e00000, 0x0000000709e00000|100%| E|CS|TAMS 0x0000000709c00000| PB 0x0000000709c00000| Complete 
|  62|0x0000000709e00000, 0x000000070a000000, 0x000000070a000000|100%| E|CS|TAMS 0x0000000709e00000| PB 0x0000000709e00000| Complete 
|  63|0x000000070a000000, 0x000000070a200000, 0x000000070a200000|100%| E|CS|TAMS 0x000000070a000000| PB 0x000000070a000000| Complete 
| 126|0x0000000711e00000, 0x0000000712000000, 0x0000000712000000|100%| E|CS|TAMS 0x0000000711e00000| PB 0x0000000711e00000| Complete 

Card table byte_map: [0x00000231354c0000,0x0000023135cb0000] _byte_map_base: 0x0000023131caf000

Marking Bits: (CMBitMap*) 0x000002312e11fea0
 Bits: [0x0000023135cb0000, 0x0000023139c28000)

Polling page: 0x000002312bfb0000

Metaspace:

Usage:
  Non-class:     61.62 MB used.
      Class:     10.03 MB used.
       Both:     71.66 MB used.

Virtual space:
  Non-class space:       64.00 MB reserved,      62.06 MB ( 97%) committed,  1 nodes.
      Class space:        1.00 GB reserved,      10.44 MB (  1%) committed,  1 nodes.
             Both:        1.06 GB reserved,      72.50 MB (  7%) committed. 

Chunk freelists:
   Non-Class:  1.77 MB
       Class:  5.53 MB
        Both:  7.30 MB

MaxMetaspaceSize: unlimited
CompressedClassSpaceSize: 1.00 GB
Initial GC threshold: 21.00 MB
Current GC threshold: 116.06 MB
CDS: on
 - commit_granule_bytes: 65536.
 - commit_granule_words: 8192.
 - virtual_space_node_default_size: 8388608.
 - enlarge_chunks_in_place: 1.
 - use_allocation_guard: 0.


Internal statistics:

num_allocs_failed_limit: 11.
num_arena_births: 1148.
num_arena_deaths: 0.
num_vsnodes_births: 2.
num_vsnodes_deaths: 0.
num_space_committed: 1159.
num_space_uncommitted: 0.
num_chunks_returned_to_freelist: 11.
num_chunks_taken_from_freelist: 3704.
num_chunk_merges: 11.
num_chunk_splits: 2670.
num_chunks_enlarged: 2076.
num_inconsistent_stats: 0.

CodeCache: size=49152Kb used=14949Kb max_used=16508Kb free=34202Kb
 bounds [0x0000023131bc0000, 0x0000023132be0000, 0x0000023134bc0000]
 total_blobs=9371 nmethods=8616 adapters=677
 compilation: enabled
              stopped_count=0, restarted_count=0
 full_count=0

Compilation events (20 events):
Event: 299.124 Thread 0x000002313c740050 8700       1       java.util.regex.Pattern$$Lambda/0x800000031::is (9 bytes)
Event: 299.124 Thread 0x000002313c740050 nmethod 8700 0x0000023131d6f810 code [0x0000023131d6f9c0, 0x0000023131d6fac8]
Event: 299.124 Thread 0x000002313c740050 8701       1       java.util.regex.Pattern::lambda$negate$7 (16 bytes)
Event: 299.124 Thread 0x000002313c740050 nmethod 8701 0x0000023131d6f510 code [0x0000023131d6f6c0, 0x0000023131d6f7a0]
Event: 299.124 Thread 0x000002313c740050 8702       1       java.util.regex.Pattern$$Lambda/0x000002313e64d6a8::is (13 bytes)
Event: 299.124 Thread 0x000002313c740050 nmethod 8702 0x0000023131d6f110 code [0x0000023131d6f2c0, 0x0000023131d6f430]
Event: 299.124 Thread 0x000002313c740050 8703       1       java.util.regex.Pattern::lambda$and$2 (26 bytes)
Event: 299.124 Thread 0x000002313c740050 nmethod 8703 0x0000023131d6ed90 code [0x0000023131d6ef40, 0x0000023131d6f078]
Event: 299.124 Thread 0x000002313c740050 8704       1       java.util.regex.CharPredicates$$Lambda/0x000002313e651d98::is (5 bytes)
Event: 299.125 Thread 0x000002313c740050 nmethod 8704 0x0000023131d6ea10 code [0x0000023131d6ebc0, 0x0000023131d6ecf0]
Event: 299.125 Thread 0x000002313c740050 8705       1       java.util.regex.CharPredicates::lambda$ASSIGNED$4 (13 bytes)
Event: 299.125 Thread 0x000002313c740050 nmethod 8705 0x0000023131d6e690 code [0x0000023131d6e840, 0x0000023131d6e950]
Event: 299.125 Thread 0x000002313c740050 8706       1       java.util.regex.CharPredicates$$Lambda/0x000002313e651fe8::is (5 bytes)
Event: 299.125 Thread 0x000002313c740050 nmethod 8706 0x0000023131d6e310 code [0x0000023131d6e4c0, 0x0000023131d6e5f8]
Event: 299.167 Thread 0x000002313c740050 8707       1       com.fasterxml.jackson.databind.AnnotationIntrospector::_findAnnotation (6 bytes)
Event: 299.167 Thread 0x000002313c740050 nmethod 8707 0x0000023131d6da90 code [0x0000023131d6dc40, 0x0000023131d6dd38]
Event: 299.167 Thread 0x000002313c740050 8708       1       com.fasterxml.jackson.databind.introspect.AnnotatedMember::getAnnotation (18 bytes)
Event: 299.168 Thread 0x000002313c740050 nmethod 8708 0x0000023131d6d610 code [0x0000023131d6d7c0, 0x0000023131d6d970]
Event: 299.168 Thread 0x000002313c740050 8709       1       com.fasterxml.jackson.databind.introspect.AnnotationMap::get (21 bytes)
Event: 299.168 Thread 0x000002313c740050 nmethod 8709 0x0000023131d6d210 code [0x0000023131d6d3c0, 0x0000023131d6d548]

GC Heap History (20 events):
Event: 2.682 GC heap after
{Heap after GC invocations=5 (full 0):
 garbage-first heap   total 55296K, used 16236K [0x0000000702200000, 0x0000000800000000)
  region size 2048K, 2 young (4096K), 2 survivors (4096K)
 Metaspace       used 23036K, committed 23552K, reserved 1114112K
  class space    used 3088K, committed 3328K, reserved 1048576K
}
Event: 3.112 GC heap before
{Heap before GC invocations=5 (full 0):
 garbage-first heap   total 55296K, used 36716K [0x0000000702200000, 0x0000000800000000)
  region size 2048K, 12 young (24576K), 2 survivors (4096K)
 Metaspace       used 25669K, committed 26176K, reserved 1114112K
  class space    used 3483K, committed 3712K, reserved 1048576K
}
Event: 3.124 GC heap after
{Heap after GC invocations=6 (full 0):
 garbage-first heap   total 55296K, used 17971K [0x0000000702200000, 0x0000000800000000)
  region size 2048K, 2 young (4096K), 2 survivors (4096K)
 Metaspace       used 25669K, committed 26176K, reserved 1114112K
  class space    used 3483K, committed 3712K, reserved 1048576K
}
Event: 3.535 GC heap before
{Heap before GC invocations=6 (full 0):
 garbage-first heap   total 55296K, used 42547K [0x0000000702200000, 0x0000000800000000)
  region size 2048K, 14 young (28672K), 2 survivors (4096K)
 Metaspace       used 29649K, committed 30208K, reserved 1114112K
  class space    used 4042K, committed 4288K, reserved 1048576K
}
Event: 3.555 GC heap after
{Heap after GC invocations=7 (full 0):
 garbage-first heap   total 157696K, used 20350K [0x0000000702200000, 0x0000000800000000)
  region size 2048K, 2 young (4096K), 2 survivors (4096K)
 Metaspace       used 29649K, committed 30208K, reserved 1114112K
  class space    used 4042K, committed 4288K, reserved 1048576K
}
Event: 4.118 GC heap before
{Heap before GC invocations=7 (full 0):
 garbage-first heap   total 157696K, used 44926K [0x0000000702200000, 0x0000000800000000)
  region size 2048K, 15 young (30720K), 2 survivors (4096K)
 Metaspace       used 35422K, committed 35968K, reserved 1114112K
  class space    used 4883K, committed 5120K, reserved 1048576K
}
Event: 4.138 GC heap after
{Heap after GC invocations=8 (full 0):
 garbage-first heap   total 157696K, used 21965K [0x0000000702200000, 0x0000000800000000)
  region size 2048K, 3 young (6144K), 3 survivors (6144K)
 Metaspace       used 35422K, committed 35968K, reserved 1114112K
  class space    used 4883K, committed 5120K, reserved 1048576K
}
Event: 5.149 GC heap before
{Heap before GC invocations=9 (full 0):
 garbage-first heap   total 75776K, used 60877K [0x0000000702200000, 0x0000000800000000)
  region size 2048K, 22 young (45056K), 3 survivors (6144K)
 Metaspace       used 48149K, committed 48832K, reserved 1114112K
  class space    used 6560K, committed 6848K, reserved 1048576K
}
Event: 5.172 GC heap after
{Heap after GC invocations=10 (full 0):
 garbage-first heap   total 75776K, used 25530K [0x0000000702200000, 0x0000000800000000)
  region size 2048K, 3 young (6144K), 3 survivors (6144K)
 Metaspace       used 48149K, committed 48832K, reserved 1114112K
  class space    used 6560K, committed 6848K, reserved 1048576K
}
Event: 5.928 GC heap before
{Heap before GC invocations=10 (full 0):
 garbage-first heap   total 75776K, used 60346K [0x0000000702200000, 0x0000000800000000)
  region size 2048K, 21 young (43008K), 3 survivors (6144K)
 Metaspace       used 57169K, committed 57792K, reserved 1114112K
  class space    used 7904K, committed 8192K, reserved 1048576K
}
Event: 5.953 GC heap after
{Heap after GC invocations=11 (full 0):
 garbage-first heap   total 75776K, used 27366K [0x0000000702200000, 0x0000000800000000)
  region size 2048K, 2 young (4096K), 2 survivors (4096K)
 Metaspace       used 57169K, committed 57792K, reserved 1114112K
  class space    used 7904K, committed 8192K, reserved 1048576K
}
Event: 6.198 GC heap before
{Heap before GC invocations=11 (full 0):
 garbage-first heap   total 75776K, used 43750K [0x0000000702200000, 0x0000000800000000)
  region size 2048K, 11 young (22528K), 2 survivors (4096K)
 Metaspace       used 59674K, committed 60288K, reserved 1114112K
  class space    used 8253K, committed 8512K, reserved 1048576K
}
Event: 6.212 GC heap after
{Heap after GC invocations=12 (full 0):
 garbage-first heap   total 100352K, used 27610K [0x0000000702200000, 0x0000000800000000)
  region size 2048K, 2 young (4096K), 2 survivors (4096K)
 Metaspace       used 59674K, committed 60288K, reserved 1114112K
  class space    used 8253K, committed 8512K, reserved 1048576K
}
Event: 10.095 GC heap before
{Heap before GC invocations=13 (full 0):
 garbage-first heap   total 100352K, used 80858K [0x0000000702200000, 0x0000000800000000)
  region size 2048K, 29 young (59392K), 2 survivors (4096K)
 Metaspace       used 68163K, committed 68992K, reserved 1114112K
  class space    used 9520K, committed 9920K, reserved 1048576K
}
Event: 10.116 GC heap after
{Heap after GC invocations=14 (full 0):
 garbage-first heap   total 100352K, used 33025K [0x0000000702200000, 0x0000000800000000)
  region size 2048K, 4 young (8192K), 4 survivors (8192K)
 Metaspace       used 68163K, committed 68992K, reserved 1114112K
  class space    used 9520K, committed 9920K, reserved 1048576K
}
Event: 158.062 GC heap before
{Heap before GC invocations=14 (full 0):
 garbage-first heap   total 100352K, used 59649K [0x0000000702200000, 0x0000000800000000)
  region size 2048K, 18 young (36864K), 4 survivors (8192K)
 Metaspace       used 70532K, committed 71296K, reserved 1114112K
  class space    used 9884K, committed 10240K, reserved 1048576K
}
Event: 158.150 GC heap after
{Heap after GC invocations=15 (full 1):
 garbage-first heap   total 100352K, used 28678K [0x0000000702200000, 0x0000000800000000)
  region size 2048K, 0 young (0K), 0 survivors (0K)
 Metaspace       used 70532K, committed 71296K, reserved 1114112K
  class space    used 9884K, committed 10240K, reserved 1048576K
}
Event: 158.767 GC heap before
{Heap before GC invocations=15 (full 1):
 garbage-first heap   total 100352K, used 79878K [0x0000000702200000, 0x0000000800000000)
  region size 2048K, 26 young (53248K), 0 survivors (0K)
 Metaspace       used 70778K, committed 71552K, reserved 1114112K
  class space    used 9916K, committed 10240K, reserved 1048576K
}
Event: 158.782 GC heap after
{Heap after GC invocations=16 (full 1):
 garbage-first heap   total 100352K, used 33849K [0x0000000702200000, 0x0000000800000000)
  region size 2048K, 3 young (6144K), 3 survivors (6144K)
 Metaspace       used 70778K, committed 71552K, reserved 1114112K
  class space    used 9916K, committed 10240K, reserved 1048576K
}
Event: 299.180 GC heap before
{Heap before GC invocations=16 (full 1):
 garbage-first heap   total 100352K, used 80953K [0x0000000702200000, 0x0000000800000000)
  region size 2048K, 27 young (55296K), 3 survivors (6144K)
 Metaspace       used 73375K, committed 74240K, reserved 1114112K
  class space    used 10273K, committed 10688K, reserved 1048576K
}

Dll operation events (11 events):
Event: 0.009 Loaded shared library C:\STS Tool\sts-4.27.0.RELEASE\plugins\org.eclipse.justj.openjdk.hotspot.jre.full.win32.x86_64_21.0.5.v20241023-1957\jre\bin\java.dll
Event: 0.035 Loaded shared library C:\STS Tool\sts-4.27.0.RELEASE\plugins\org.eclipse.justj.openjdk.hotspot.jre.full.win32.x86_64_21.0.5.v20241023-1957\jre\bin\zip.dll
Event: 0.129 Loaded shared library C:\STS Tool\sts-4.27.0.RELEASE\plugins\org.eclipse.justj.openjdk.hotspot.jre.full.win32.x86_64_21.0.5.v20241023-1957\jre\bin\jimage.dll
Event: 0.138 Loaded shared library C:\STS Tool\sts-4.27.0.RELEASE\plugins\org.eclipse.justj.openjdk.hotspot.jre.full.win32.x86_64_21.0.5.v20241023-1957\jre\bin\net.dll
Event: 0.140 Loaded shared library C:\STS Tool\sts-4.27.0.RELEASE\plugins\org.eclipse.justj.openjdk.hotspot.jre.full.win32.x86_64_21.0.5.v20241023-1957\jre\bin\nio.dll
Event: 0.142 Loaded shared library C:\STS Tool\sts-4.27.0.RELEASE\plugins\org.eclipse.justj.openjdk.hotspot.jre.full.win32.x86_64_21.0.5.v20241023-1957\jre\bin\zip.dll
Event: 0.196 Loaded shared library C:\STS Tool\sts-4.27.0.RELEASE\plugins\org.eclipse.justj.openjdk.hotspot.jre.full.win32.x86_64_21.0.5.v20241023-1957\jre\bin\management.dll
Event: 0.208 Loaded shared library C:\STS Tool\sts-4.27.0.RELEASE\plugins\org.eclipse.justj.openjdk.hotspot.jre.full.win32.x86_64_21.0.5.v20241023-1957\jre\bin\management_ext.dll
Event: 0.505 Loaded shared library C:\STS Tool\sts-4.27.0.RELEASE\plugins\org.eclipse.justj.openjdk.hotspot.jre.full.win32.x86_64_21.0.5.v20241023-1957\jre\bin\extnet.dll
Event: 1.969 Loaded shared library C:\STS Tool\sts-4.27.0.RELEASE\plugins\org.eclipse.justj.openjdk.hotspot.jre.full.win32.x86_64_21.0.5.v20241023-1957\jre\bin\sunmscapi.dll
Event: 4.095 Loaded shared library C:\STS Tool\sts-4.27.0.RELEASE\plugins\org.eclipse.justj.openjdk.hotspot.jre.full.win32.x86_64_21.0.5.v20241023-1957\jre\bin\verify.dll

Deoptimization events (6 events):
Event: 3.217 Thread 0x000002317e6ee400 DEOPT PACKING pc=0x00000231324333bc sp=0x0000008fad3fb8b0
Event: 3.217 Thread 0x000002317e6ee400 DEOPT UNPACKING pc=0x0000023131c14e42 sp=0x0000008fad3fae58 mode 0
Event: 3.217 Thread 0x000002317e6ee400 DEOPT PACKING pc=0x00000231323cdf0c sp=0x0000008fad3fbab0
Event: 3.217 Thread 0x000002317e6ee400 DEOPT UNPACKING pc=0x0000023131c14e42 sp=0x0000008fad3faf70 mode 0
Event: 5.843 Thread 0x000002317e6ee400 DEOPT PACKING pc=0x00000231326f8cdc sp=0x0000008fad3f8db0
Event: 5.843 Thread 0x000002317e6ee400 DEOPT UNPACKING pc=0x0000023131c14e42 sp=0x0000008fad3f8248 mode 0

Classes loaded (20 events):
Event: 299.051 Loading class sun/nio/cs/ThreadLocalCoders$Cache done
Event: 299.051 Loading class sun/nio/cs/ThreadLocalCoders$1 done
Event: 299.051 Loading class sun/nio/cs/ThreadLocalCoders$2
Event: 299.051 Loading class sun/nio/cs/ThreadLocalCoders$2 done
Event: 299.122 Loading class java/time/format/DateTimeFormatterBuilder$ZoneTextPrinterParser
Event: 299.122 Loading class java/time/format/DateTimeFormatterBuilder$ZoneTextPrinterParser done
Event: 299.122 Loading class java/time/format/DateTimeFormatterBuilder$ReducedPrinterParser
Event: 299.123 Loading class java/time/format/DateTimeFormatterBuilder$ReducedPrinterParser done
Event: 299.125 Loading class java/io/PushbackInputStream
Event: 299.125 Loading class java/io/PushbackInputStream done
Event: 299.126 Loading class java/util/OptionalInt
Event: 299.126 Loading class java/util/OptionalInt done
Event: 299.126 Loading class java/util/OptionalLong
Event: 299.126 Loading class java/util/OptionalLong done
Event: 299.126 Loading class java/util/OptionalDouble
Event: 299.126 Loading class java/util/OptionalDouble done
Event: 299.131 Loading class org/w3c/dom/Node
Event: 299.131 Loading class org/w3c/dom/Node done
Event: 299.131 Loading class org/w3c/dom/Document
Event: 299.131 Loading class org/w3c/dom/Document done

Classes unloaded (0 events):
No events

Classes redefined (0 events):
No events

Internal exceptions (20 events):
Event: 158.054 Thread 0x000002310541bd80 Exception <a 'java/io/IOException'{0x0000000706858798}> (0x0000000706858798) 
thrown [s\src\hotspot\share\prims\jni.cpp, line 520]
Event: 158.055 Thread 0x000002310541bd80 Exception <a 'java/io/IOException'{0x0000000706859b90}> (0x0000000706859b90) 
thrown [s\src\hotspot\share\prims\jni.cpp, line 520]
Event: 158.056 Thread 0x000002310541bd80 Exception <a 'java/net/SocketException'{0x00000007068603d0}: Connection reset by peer: shutdown> (0x00000007068603d0) 
thrown [s\src\hotspot\share\prims\jni.cpp, line 539]
Event: 158.056 Thread 0x000002310541bd80 Exception <a 'java/io/IOException'{0x0000000706862cf0}> (0x0000000706862cf0) 
thrown [s\src\hotspot\share\prims\jni.cpp, line 520]
Event: 158.057 Thread 0x000002310541bd80 Exception <a 'java/net/SocketException'{0x0000000706865e90}: Connection reset by peer: shutdown> (0x0000000706865e90) 
thrown [s\src\hotspot\share\prims\jni.cpp, line 539]
Event: 158.062 Thread 0x000002317e833aa0 Exception <a 'java/lang/InterruptedException'{0x000000070688eae0}: sleep interrupted> (0x000000070688eae0) 
thrown [s\src\hotspot\share\prims\jvm.cpp, line 3074]
Event: 158.160 Thread 0x000002310541d130 Exception <a 'sun/nio/fs/WindowsException'{0x0000000711e7fe48}> (0x0000000711e7fe48) 
thrown [s\src\hotspot\share\prims\jni.cpp, line 520]
Event: 158.449 Thread 0x000002310541d130 Exception <a 'java/lang/NoClassDefFoundError'{0x000000070666b990}: org/flywaydb/core/Flyway> (0x000000070666b990) 
thrown [s\src\hotspot\share\oops\constantPool.cpp, line 873]
Event: 158.449 Thread 0x000002310541d130 Exception <a 'java/lang/NoClassDefFoundError'{0x000000070666bff0}: liquibase/integration/spring/SpringLiquibase> (0x000000070666bff0) 
thrown [s\src\hotspot\share\oops\constantPool.cpp, line 873]
Event: 158.451 Thread 0x000002310541d130 Exception <a 'java/lang/NoClassDefFoundError'{0x0000000706696ac0}: org/jooq/DSLContext> (0x0000000706696ac0) 
thrown [s\src\hotspot\share\oops\constantPool.cpp, line 873]
Event: 158.453 Thread 0x000002310541d130 Exception <a 'java/lang/NoClassDefFoundError'{0x00000007066e3668}: org/springframework/batch/core/repository/JobRepository> (0x00000007066e3668) 
thrown [s\src\hotspot\share\oops\constantPool.cpp, line 873]
Event: 158.453 Thread 0x000002310541d130 Exception <a 'java/lang/NoClassDefFoundError'{0x00000007066e3cc0}: org/quartz/Scheduler> (0x00000007066e3cc0) 
thrown [s\src\hotspot\share\oops\constantPool.cpp, line 873]
Event: 158.453 Thread 0x000002310541d130 Exception <a 'java/lang/NoClassDefFoundError'{0x00000007066e4340}: org/springframework/session/jdbc/JdbcIndexedSessionRepository> (0x00000007066e4340) 
thrown [s\src\hotspot\share\oops\constantPool.cpp, line 873]
Event: 158.496 Thread 0x000002310541d130 Exception <a 'java/io/FileNotFoundException'{0x000000070607c9c8}> (0x000000070607c9c8) 
thrown [s\src\hotspot\share\prims\jni.cpp, line 520]
Event: 159.005 Thread 0x000002310541d130 Exception <a 'java/lang/NoSuchMethodError'{0x0000000709dd1748}: 'java.lang.Object java.lang.invoke.DirectMethodHandle$Holder.invokeSpecial(java.lang.Object, java.lang.Object, int, java.lang.Object, int)'> (0x0000000709dd1748) 
thrown [s\src\hotspot\share\interpreter\linkResolver.cpp, line 773]
Event: 159.216 Thread 0x000002310541d130 Exception <a 'java/io/FileNotFoundException'{0x000000070701f2a8}> (0x000000070701f2a8) 
thrown [s\src\hotspot\share\prims\jni.cpp, line 520]
Event: 298.983 Thread 0x000002317e8354e0 Exception <a 'java/lang/NoSuchMethodError'{0x0000000705a96198}: 'java.lang.Object java.lang.invoke.DirectMethodHandle$Holder.invokeStatic(java.lang.Object, java.lang.Object, java.lang.Object, int, int)'> (0x0000000705a96198) 
thrown [s\src\hotspot\share\interpreter\linkResolver.cpp, line 773]
Event: 298.983 Thread 0x000002317e8354e0 Exception <a 'java/lang/NoSuchMethodError'{0x0000000705a99978}: 'java.lang.Object java.lang.invoke.DirectMethodHandle$Holder.invokeStaticInit(java.lang.Object, java.lang.Object, java.lang.Object, int, int)'> (0x0000000705a99978) 
thrown [s\src\hotspot\share\interpreter\linkResolver.cpp, line 773]
Event: 299.047 Thread 0x00000231054205b0 Exception <a 'java/lang/NoSuchMethodError'{0x0000000705be7e50}: 'java.lang.Object java.lang.invoke.DirectMethodHandle$Holder.invokeSpecial(java.lang.Object, java.lang.Object, java.lang.Object, java.lang.Object, java.lang.Object, long)'> (0x0000000705be7e50) 
thrown [s\src\hotspot\share\interpreter\linkResolver.cpp, line 773]
Event: 299.047 Thread 0x00000231054205b0 Exception <a 'java/lang/NoSuchMethodError'{0x0000000705beb630}: 'java.lang.Object java.lang.invoke.Invokers$Holder.linkToTargetMethod(java.lang.Object, java.lang.Object, java.lang.Object, long, java.lang.Object)'> (0x0000000705beb630) 
thrown [s\src\hotspot\share\interpreter\linkResolver.cpp, line 773]

ZGC Phase Switch (0 events):
No events

VM Operations (20 events):
Event: 180.455 Executing VM operation: HandshakeAllThreads (HandshakeForDeflation) done
Event: 180.455 Executing VM operation: RendezvousGCThreads
Event: 180.455 Executing VM operation: RendezvousGCThreads done
Event: 196.554 Executing VM operation: Cleanup
Event: 196.554 Executing VM operation: Cleanup done
Event: 198.575 Executing VM operation: Cleanup
Event: 198.575 Executing VM operation: Cleanup done
Event: 203.613 Executing VM operation: Cleanup
Event: 203.613 Executing VM operation: Cleanup done
Event: 209.668 Executing VM operation: Cleanup
Event: 209.668 Executing VM operation: Cleanup done
Event: 248.939 Executing VM operation: Cleanup
Event: 248.939 Executing VM operation: Cleanup done
Event: 299.118 Executing VM operation: HandshakeAllThreads (Deoptimize)
Event: 299.118 Executing VM operation: HandshakeAllThreads (Deoptimize) done
Event: 299.118 Executing VM operation: Cleanup
Event: 299.118 Executing VM operation: Cleanup done
Event: 299.145 Executing VM operation: HandshakeAllThreads (Deoptimize)
Event: 299.145 Executing VM operation: HandshakeAllThreads (Deoptimize) done
Event: 299.180 Executing VM operation: G1CollectForAllocation (G1 Evacuation Pause)

Memory protections (0 events):
No events

Nmethod flushes (20 events):
Event: 158.109 Thread 0x000002313c707cb0 flushing  nmethod 0x0000023132395290
Event: 158.109 Thread 0x000002313c707cb0 flushing  nmethod 0x00000231324f5110
Event: 158.109 Thread 0x000002313c707cb0 flushing  nmethod 0x00000231324f5490
Event: 158.109 Thread 0x000002313c707cb0 flushing  nmethod 0x0000023132672f90
Event: 158.109 Thread 0x000002313c707cb0 flushing  nmethod 0x0000023132675090
Event: 158.109 Thread 0x000002313c707cb0 flushing  nmethod 0x0000023131d00610
Event: 158.109 Thread 0x000002313c707cb0 flushing  nmethod 0x00000231320b1190
Event: 158.109 Thread 0x000002313c707cb0 flushing  nmethod 0x00000231321b9710
Event: 158.109 Thread 0x000002313c707cb0 flushing  nmethod 0x00000231323f1010
Event: 158.109 Thread 0x000002313c707cb0 flushing  nmethod 0x0000023132620e10
Event: 158.109 Thread 0x000002313c707cb0 flushing  nmethod 0x00000231326a6510
Event: 158.109 Thread 0x000002313c707cb0 flushing  nmethod 0x00000231326b0c10
Event: 158.109 Thread 0x000002313c707cb0 flushing  nmethod 0x00000231326b1490
Event: 158.109 Thread 0x000002313c707cb0 flushing  nmethod 0x0000023132791090
Event: 158.109 Thread 0x000002313c707cb0 flushing  nmethod 0x0000023131f3b090
Event: 158.109 Thread 0x000002313c707cb0 flushing  nmethod 0x0000023132077810
Event: 158.109 Thread 0x000002313c707cb0 flushing  nmethod 0x0000023132463310
Event: 158.109 Thread 0x000002313c707cb0 flushing  nmethod 0x000002313269ad90
Event: 158.109 Thread 0x000002313c707cb0 flushing  nmethod 0x000002313269b610
Event: 158.109 Thread 0x000002313c707cb0 flushing  nmethod 0x00000231326f8910

Events (20 events):
Event: 159.218 Thread 0x000002310541d130 Thread added: 0x000002310541eb70
Event: 159.392 Thread 0x000002310541d130 Thread added: 0x000002310541b6f0
Event: 159.401 Thread 0x000002310541d130 Thread added: 0x000002310541f890
Event: 159.401 Thread 0x000002310541d130 Thread added: 0x00000231054205b0
Event: 159.401 Thread 0x000002310541d130 Thread added: 0x0000023105420c40
Event: 159.401 Thread 0x000002310541d130 Thread added: 0x0000023105421960
Event: 159.401 Thread 0x000002310541d130 Thread added: 0x0000023105421ff0
Event: 159.401 Thread 0x000002310541d130 Thread added: 0x0000023105422680
Event: 159.401 Thread 0x000002310541d130 Thread added: 0x000002310541f200
Event: 159.401 Thread 0x000002310541d130 Thread added: 0x000002317e8326f0
Event: 159.401 Thread 0x000002310541d130 Thread added: 0x000002317e833aa0
Event: 159.401 Thread 0x000002310541d130 Thread added: 0x000002317e834e50
Event: 159.403 Thread 0x000002310541d130 Thread added: 0x000002317e8347c0
Event: 159.403 Thread 0x000002310541d130 Thread added: 0x000002317e8354e0
Event: 159.410 Thread 0x000002310541d130 Thread exited: 0x000002310541d130
Event: 159.410 Thread 0x000002310541ff20 Thread exited: 0x000002310541ff20
Event: 164.150 Thread 0x000002310541d7c0 Thread exited: 0x000002310541d7c0
Event: 168.405 Thread 0x00000231047fa510 Thread exited: 0x00000231047fa510
Event: 168.405 Thread 0x00000231047f9e40 Thread exited: 0x00000231047f9e40
Event: 168.405 Thread 0x00000231047f9770 Thread exited: 0x00000231047f9770


Dynamic libraries:
0x00007ff6c4f00000 - 0x00007ff6c4f0e000 	C:\STS Tool\sts-4.27.0.RELEASE\plugins\org.eclipse.justj.openjdk.hotspot.jre.full.win32.x86_64_21.0.5.v20241023-1957\jre\bin\javaw.exe
0x00007ffd1d260000 - 0x00007ffd1d4c9000 	C:\WINDOWS\SYSTEM32\ntdll.dll
0x00007ffd1c190000 - 0x00007ffd1c259000 	C:\WINDOWS\System32\KERNEL32.DLL
0x00007ffd1a490000 - 0x00007ffd1a883000 	C:\WINDOWS\System32\KERNELBASE.dll
0x00007ffd1abf0000 - 0x00007ffd1ad3b000 	C:\WINDOWS\System32\ucrtbase.dll
0x00007ffd0c200000 - 0x00007ffd0c218000 	C:\STS Tool\sts-4.27.0.RELEASE\plugins\org.eclipse.justj.openjdk.hotspot.jre.full.win32.x86_64_21.0.5.v20241023-1957\jre\bin\jli.dll
0x00007ffd11190000 - 0x00007ffd111ae000 	C:\STS Tool\sts-4.27.0.RELEASE\plugins\org.eclipse.justj.openjdk.hotspot.jre.full.win32.x86_64_21.0.5.v20241023-1957\jre\bin\VCRUNTIME140.dll
0x00007ffd1c820000 - 0x00007ffd1c9e4000 	C:\WINDOWS\System32\USER32.dll
0x00007ffd0a0f0000 - 0x00007ffd0a383000 	C:\WINDOWS\WinSxS\amd64_microsoft.windows.common-controls_6595b64144ccf1df_6.0.26100.5074_none_3e0d6f78e32fd63f\COMCTL32.dll
0x00007ffd1aa50000 - 0x00007ffd1aa77000 	C:\WINDOWS\System32\win32u.dll
0x00007ffd1d0e0000 - 0x00007ffd1d189000 	C:\WINDOWS\System32\msvcrt.dll
0x00007ffd1c720000 - 0x00007ffd1c74b000 	C:\WINDOWS\System32\GDI32.dll
0x00007ffd1a890000 - 0x00007ffd1a9bd000 	C:\WINDOWS\System32\gdi32full.dll
0x00007ffd1ab40000 - 0x00007ffd1abe3000 	C:\WINDOWS\System32\msvcp_win.dll
0x00007ffd1c7d0000 - 0x00007ffd1c7ff000 	C:\WINDOWS\System32\IMM32.DLL
0x00007ffd0c450000 - 0x00007ffd0c45c000 	C:\STS Tool\sts-4.27.0.RELEASE\plugins\org.eclipse.justj.openjdk.hotspot.jre.full.win32.x86_64_21.0.5.v20241023-1957\jre\bin\vcruntime140_1.dll
0x00007ffcd9980000 - 0x00007ffcd9a0d000 	C:\STS Tool\sts-4.27.0.RELEASE\plugins\org.eclipse.justj.openjdk.hotspot.jre.full.win32.x86_64_21.0.5.v20241023-1957\jre\bin\msvcp140.dll
0x00007ffc9f530000 - 0x00007ffca02bf000 	C:\STS Tool\sts-4.27.0.RELEASE\plugins\org.eclipse.justj.openjdk.hotspot.jre.full.win32.x86_64_21.0.5.v20241023-1957\jre\bin\server\jvm.dll
0x00007ffd1be70000 - 0x00007ffd1bf24000 	C:\WINDOWS\System32\ADVAPI32.dll
0x00007ffd1ba40000 - 0x00007ffd1bae6000 	C:\WINDOWS\System32\sechost.dll
0x00007ffd1baf0000 - 0x00007ffd1bc08000 	C:\WINDOWS\System32\RPCRT4.dll
0x00007ffd1c750000 - 0x00007ffd1c7c4000 	C:\WINDOWS\System32\WS2_32.dll
0x00007ffd1a250000 - 0x00007ffd1a2ae000 	C:\WINDOWS\SYSTEM32\POWRPROF.dll
0x00007ffd0a5f0000 - 0x00007ffd0a625000 	C:\WINDOWS\SYSTEM32\WINMM.dll
0x00007ffd110d0000 - 0x00007ffd110db000 	C:\WINDOWS\SYSTEM32\VERSION.dll
0x00007ffd1a230000 - 0x00007ffd1a244000 	C:\WINDOWS\SYSTEM32\UMPDC.dll
0x00007ffd19190000 - 0x00007ffd191ab000 	C:\WINDOWS\SYSTEM32\kernel.appcore.dll
0x00007ffd10650000 - 0x00007ffd1065a000 	C:\STS Tool\sts-4.27.0.RELEASE\plugins\org.eclipse.justj.openjdk.hotspot.jre.full.win32.x86_64_21.0.5.v20241023-1957\jre\bin\jimage.dll
0x00007ffd14aa0000 - 0x00007ffd14ce2000 	C:\WINDOWS\SYSTEM32\DBGHELP.DLL
0x00007ffd1c9f0000 - 0x00007ffd1cd6b000 	C:\WINDOWS\System32\combase.dll
0x00007ffd1b860000 - 0x00007ffd1b937000 	C:\WINDOWS\System32\OLEAUT32.dll
0x00007ffcfc440000 - 0x00007ffcfc47d000 	C:\WINDOWS\SYSTEM32\dbgcore.DLL
0x00007ffd1a3f0000 - 0x00007ffd1a489000 	C:\WINDOWS\System32\bcryptPrimitives.dll
0x00007ffd0c220000 - 0x00007ffd0c23f000 	C:\STS Tool\sts-4.27.0.RELEASE\plugins\org.eclipse.justj.openjdk.hotspot.jre.full.win32.x86_64_21.0.5.v20241023-1957\jre\bin\java.dll
0x00007ffd1b030000 - 0x00007ffd1b77d000 	C:\WINDOWS\System32\SHELL32.dll
0x00007ffd1aec0000 - 0x00007ffd1b02c000 	C:\WINDOWS\System32\wintypes.dll
0x00007ffd18030000 - 0x00007ffd18889000 	C:\WINDOWS\SYSTEM32\windows.storage.dll
0x00007ffd1cf50000 - 0x00007ffd1d040000 	C:\WINDOWS\System32\SHCORE.dll
0x00007ffd1cd70000 - 0x00007ffd1cdd2000 	C:\WINDOWS\System32\shlwapi.dll
0x00007ffd1a310000 - 0x00007ffd1a339000 	C:\WINDOWS\SYSTEM32\profapi.dll
0x00007ffcd1280000 - 0x00007ffcd1298000 	C:\STS Tool\sts-4.27.0.RELEASE\plugins\org.eclipse.justj.openjdk.hotspot.jre.full.win32.x86_64_21.0.5.v20241023-1957\jre\bin\zip.dll
0x00007ffd0eea0000 - 0x00007ffd0eeb0000 	C:\STS Tool\sts-4.27.0.RELEASE\plugins\org.eclipse.justj.openjdk.hotspot.jre.full.win32.x86_64_21.0.5.v20241023-1957\jre\bin\net.dll
0x00007ffd0f350000 - 0x00007ffd0f46f000 	C:\WINDOWS\SYSTEM32\WINHTTP.dll
0x00007ffd196f0000 - 0x00007ffd1975b000 	C:\WINDOWS\system32\mswsock.dll
0x00007ffcd00a0000 - 0x00007ffcd00b6000 	C:\STS Tool\sts-4.27.0.RELEASE\plugins\org.eclipse.justj.openjdk.hotspot.jre.full.win32.x86_64_21.0.5.v20241023-1957\jre\bin\nio.dll
0x00007ffd0c440000 - 0x00007ffd0c44a000 	C:\STS Tool\sts-4.27.0.RELEASE\plugins\org.eclipse.justj.openjdk.hotspot.jre.full.win32.x86_64_21.0.5.v20241023-1957\jre\bin\management.dll
0x00007ffd0c360000 - 0x00007ffd0c36b000 	C:\STS Tool\sts-4.27.0.RELEASE\plugins\org.eclipse.justj.openjdk.hotspot.jre.full.win32.x86_64_21.0.5.v20241023-1957\jre\bin\management_ext.dll
0x00007ffd1d050000 - 0x00007ffd1d058000 	C:\WINDOWS\System32\PSAPI.DLL
0x00007ffcf4bf0000 - 0x00007ffcf4c08000 	C:\WINDOWS\system32\napinsp.dll
0x00007ffd18c20000 - 0x00007ffd18d46000 	C:\WINDOWS\SYSTEM32\DNSAPI.dll
0x00007ffd18b90000 - 0x00007ffd18bc4000 	C:\WINDOWS\SYSTEM32\IPHLPAPI.DLL
0x00007ffd1cf40000 - 0x00007ffd1cf4a000 	C:\WINDOWS\System32\NSI.dll
0x00007ffcf4990000 - 0x00007ffcf49a2000 	C:\WINDOWS\System32\winrnr.dll
0x00007ffcf4820000 - 0x00007ffcf4848000 	C:\WINDOWS\system32\nlansp_c.dll
0x00007ffd0f0a0000 - 0x00007ffd0f0b6000 	C:\WINDOWS\system32\wshbth.dll
0x00007ffd0e3a0000 - 0x00007ffd0e3ab000 	C:\Windows\System32\rasadhlp.dll
0x00007ffd0e1e0000 - 0x00007ffd0e266000 	C:\WINDOWS\System32\fwpuclnt.dll
0x00007ffd19ac0000 - 0x00007ffd19adb000 	C:\WINDOWS\SYSTEM32\CRYPTSP.dll
0x00007ffd190f0000 - 0x00007ffd1912b000 	C:\WINDOWS\system32\rsaenh.dll
0x00007ffd19790000 - 0x00007ffd197bb000 	C:\WINDOWS\SYSTEM32\USERENV.dll
0x00007ffd1a2e0000 - 0x00007ffd1a306000 	C:\WINDOWS\SYSTEM32\bcrypt.dll
0x00007ffd19920000 - 0x00007ffd1992c000 	C:\WINDOWS\SYSTEM32\CRYPTBASE.dll
0x00007ffcf6c20000 - 0x00007ffcf6c29000 	C:\STS Tool\sts-4.27.0.RELEASE\plugins\org.eclipse.justj.openjdk.hotspot.jre.full.win32.x86_64_21.0.5.v20241023-1957\jre\bin\extnet.dll
0x00007ffd13ee0000 - 0x00007ffd13eee000 	C:\STS Tool\sts-4.27.0.RELEASE\plugins\org.eclipse.justj.openjdk.hotspot.jre.full.win32.x86_64_21.0.5.v20241023-1957\jre\bin\sunmscapi.dll
0x00007ffd1ad40000 - 0x00007ffd1aeb7000 	C:\WINDOWS\System32\CRYPT32.dll
0x00007ffd19c10000 - 0x00007ffd19c40000 	C:\WINDOWS\SYSTEM32\ncrypt.dll
0x00007ffd19bc0000 - 0x00007ffd19bff000 	C:\WINDOWS\SYSTEM32\NTASN1.dll
0x00007ffd0c1f0000 - 0x00007ffd0c200000 	C:\STS Tool\sts-4.27.0.RELEASE\plugins\org.eclipse.justj.openjdk.hotspot.jre.full.win32.x86_64_21.0.5.v20241023-1957\jre\bin\verify.dll
0x00007ffcea450000 - 0x00007ffcea458000 	C:\WINDOWS\system32\wshunix.dll

dbghelp: loaded successfully - version: 4.0.5 - missing functions: none
symbol engine: initialized successfully - sym options: 0x614 - pdb path: .;C:\STS Tool\sts-4.27.0.RELEASE\plugins\org.eclipse.justj.openjdk.hotspot.jre.full.win32.x86_64_21.0.5.v20241023-1957\jre\bin;C:\WINDOWS\SYSTEM32;C:\WINDOWS\WinSxS\amd64_microsoft.windows.common-controls_6595b64144ccf1df_6.0.26100.5074_none_3e0d6f78e32fd63f;C:\STS Tool\sts-4.27.0.RELEASE\plugins\org.eclipse.justj.openjdk.hotspot.jre.full.win32.x86_64_21.0.5.v20241023-1957\jre\bin\server

VM Arguments:
jvm_args: -Dcom.sun.management.jmxremote -Dcom.sun.management.jmxremote.port=58570 -Dcom.sun.management.jmxremote.authenticate=false -Dcom.sun.management.jmxremote.ssl=false -Djava.rmi.server.hostname=localhost -Dspring.jmx.enabled=true -Dmanagement.endpoints.jmx.exposure.include=* -Dspring.application.admin.enabled=true -XX:TieredStopAtLevel=1 -Dspring.boot.project.name=Online-Hostel-Listing -Dfile.encoding=UTF-8 -Dstdout.encoding=UTF-8 -Dstderr.encoding=UTF-8 -XX:+ShowCodeDetailsInExceptionMessages 
java_command: com.rk.OnlineHostelListingApplication --spring.output.ansi.enabled=always
java_class_path (initial): D:\my-projects\Online-Hostel-Listing\target\classes;C:\Users\abhis\.m2\repository\org\springframework\boot\spring-boot-starter-data-jpa\3.5.6\spring-boot-starter-data-jpa-3.5.6.jar;C:\Users\abhis\.m2\repository\org\springframework\boot\spring-boot-starter\3.5.6\spring-boot-starter-3.5.6.jar;C:\Users\abhis\.m2\repository\org\springframework\boot\spring-boot-starter-logging\3.5.6\spring-boot-starter-logging-3.5.6.jar;C:\Users\abhis\.m2\repository\ch\qos\logback\logback-classic\1.5.18\logback-classic-1.5.18.jar;C:\Users\abhis\.m2\repository\ch\qos\logback\logback-core\1.5.18\logback-core-1.5.18.jar;C:\Users\abhis\.m2\repository\org\apache\logging\log4j\log4j-to-slf4j\2.24.3\log4j-to-slf4j-2.24.3.jar;C:\Users\abhis\.m2\repository\org\apache\logging\log4j\log4j-api\2.24.3\log4j-api-2.24.3.jar;C:\Users\abhis\.m2\repository\org\slf4j\jul-to-slf4j\2.0.17\jul-to-slf4j-2.0.17.jar;C:\Users\abhis\.m2\repository\jakarta\annotation\jakarta.annotation-api\2.1.1\jakarta.annotation-api-2.1.1.jar;C:\Users\abhis\.m2\repository\org\yaml\snakeyaml\2.4\snakeyaml-2.4.jar;C:\Users\abhis\.m2\repository\org\springframework\boot\spring-boot-starter-jdbc\3.5.6\spring-boot-starter-jdbc-3.5.6.jar;C:\Users\abhis\.m2\repository\com\zaxxer\HikariCP\6.3.3\HikariCP-6.3.3.jar;C:\Users\abhis\.m2\repository\org\springframework\spring-jdbc\6.2.11\spring-jdbc-6.2.11.jar;C:\Users\abhis\.m2\repository\org\hibernate\orm\hibernate-core\6.6.29.Final\hibernate-core-6.6.29.Final.jar;C:\Users\abhis\.m2\repository\jakarta\persistence\jakarta.persistence-api\3.1.0\jakarta.persistence-api-3.1.0.jar;C:\Users\abhis\.m2\repository\jakarta\transaction\jakarta.transaction-api\2.0.1\jakarta.transaction-api-2.0.1.jar;C:\Users\abhis\.m2\repository\org\jboss\logging\jboss-logging\3.6.1.Final\jboss-logging-3.6.1.Final.jar;C:\Users\abhis\.m2\repository\org\hibernate\common\hibernate-commons-annotations\7.0.3.Final\hibernate-commons-annotations-7.0.3.Final.jar;C:\Users\abhis\.m2\repository\io\smallrye\jandex\3.2.0\jandex-3.2.0.jar;C:\Users\abhis\.m2\repository\com\fasterxml\classmate\1.7.0\classmate-1.7.0.jar;C:\Users\abhis\.m2\repository\net\bytebuddy\byte-buddy\1.17.7\byte-buddy-1.17.7.jar;C:\Users\abhis\.m2\repository\org\glassfish\jaxb\jaxb-runtime\4.0.5\jaxb-runtime-4.0.5.jar;C:\Users\abhis\.m2\repository\org\glassfish\jaxb\jaxb-core\4.0.5\jaxb-core-4.0.5.jar;C:\Users\abhis\.m2\repository\org\eclipse\angus\angus-activation\2.0.2\angus-activation-2.0.2.jar;C:\Users\abhis\.m2\repository\org\glassfish\jaxb\txw2\4.0.5\txw2-4.0.5.jar;C:\Users\abhis\.m2\repository\com\sun\istack\istack-commons-runtime\4.1.2\istack-commons-runtime-4.1.2.jar;C:\Users\abhis\.m2\repository\jakarta\inject\jakarta.inject-api\2.0.1\jakarta.inject-api-2.0.1.jar;C:\Users\abhis\.m2\repository\org\antlr\antlr4-runtime\4.13.0\antlr4-runtime-4.13.0.jar;C:\Users\abhis\.m2\repository\org\springframework\data\spring-data-jpa\3.5.4\spring-data-jpa-3.5.4.jar;C:\Users\abhis\.m2\repository\org\springframework\data\spring-data-commons\3.5.4\spring-data-commons-3.5.4.jar;C:\Users\abhis\.m2\repository\org\springframework\spring-orm\6.2.11\spring-orm-6.2.11.jar;C:\Users\abhis\.m2\repository\org\springframework\spring-context\6.2.11\spring-context-6.2.11.jar;C:\Users\abhis\.m2\repository\org\springframework\spring-tx\6.2.11\spring-tx-6.2.11.jar;C:\Users\abhis\.m2\repository\org\springframework\spring-beans\6.2.11\spring-beans-6.2.11.jar;C:\Users\abhis\.m2\repository\org\slf4j\slf4j-api\2.0.17\slf4j-api-2.0.17.jar;C:\Users\abhis\.m2\repository\org\springframework\spring-aspects\6.2.11\spring-aspects-6.2.11.jar;C:\Users\abhis\.m2\repository\org\aspectj\aspectjweaver\1.9.24\aspectjweaver-1.9.24.jar;C:\Users\abhis\.m2\repository\org\springframework\boot\spring-boot-starter-security\3.5.6\spring-boot-starter-security-3.5.6.jar;C:\Users\abhis\.m2\repository\org\springframework\spring-aop\6.2.11\spring-aop-6.2.11.jar;C:\Users\abhis\.m2\repository\org\springframework\security\spring-security-config\6.5.5\spring-security-config-6.5.5.jar;C:\Users\abhis\.m2\repository\org\springframework\security\spring-security-web\6.5.5\spring-security-web-6.5.5.jar;C:\Users\abhis\.m2\repository\org\springframework\spring-expression\6.2.11\spring-expression-6.2.11.jar;C:\Users\abhis\.m2\repository\org\springframework\boot\spring-boot-starter-web\3.5.6\spring-boot-starter-web-3.5.6.jar;C:\Users\abhis\.m2\repository\org\springframework\boot\spring-boot-starter-json\3.5.6\spring-boot-starter-json-3.5.6.jar;C:\Users\abhis\.m2\repository\com\fasterxml\jackson\datatype\jackson-datatype-jdk8\2.19.2\jackson-datatype-jdk8-2.19.2.jar;C:\Users\abhis\.m2\repository\com\fasterxml\jackson\datatype\jackson-datatype-jsr310\2.19.2\jackson-datatype-jsr310-2.19.2.jar;C:\Users\abhis\.m2\repository\com\fasterxml\jackson\module\jackson-module-parameter-names\2.19.2\jackson-module-parameter-names-2.19.2.jar;C:\Users\abhis\.m2\repository\org\springframework\boot\spring-boot-starter-tomcat\3.5.6\spring-boot-starter-tomcat-3.5.6.jar;C:\Users\abhis\.m2\repository\org\apache\tomcat\embed\tomcat-embed-core\10.1.46\tomcat-embed-core-10.1.46.jar;C:\Users\abhis\.m2\repository\org\apache\tomcat\embed\tomcat-embed-el\10.1.46\tomcat-embed-el-10.1.46.jar;C:\Users\abhis\.m2\repository\org\apache\tomcat\embed\tomcat-embed-websocket\10.1.46\tomcat-embed-websocket-10.1.46.jar;C:\Users\abhis\.m2\repository\org\springframework\spring-web\6.2.11\spring-web-6.2.11.jar;C:\Users\abhis\.m2\repository\io\micrometer\micrometer-observation\1.15.4\micrometer-observation-1.15.4.jar;C:\Users\abhis\.m2\repository\io\micrometer\micrometer-commons\1.15.4\micrometer-commons-1.15.4.jar;C:\Users\abhis\.m2\repository\org\springframework\spring-webmvc\6.2.11\spring-webmvc-6.2.11.jar;C:\Users\abhis\.m2\repository\jakarta\validation\jakarta.validation-api\3.0.2\jakarta.validation-api-3.0.2.jar;C:\Users\abhis\.m2\repository\io\jsonwebtoken\jjwt-api\0.11.5\jjwt-api-0.11.5.jar;C:\Users\abhis\.m2\repository\io\jsonwebtoken\jjwt-impl\0.11.5\jjwt-impl-0.11.5.jar;C:\Users\abhis\.m2\repository\io\jsonwebtoken\jjwt-jackson\0.11.5\jjwt-jackson-0.11.5.jar;C:\Users\abhis\.m2\repository\com\fasterxml\jackson\core\jackson-databind\2.19.2\jackson-databind-2.19.2.jar;C:\Users\abhis\.m2\repository\com\fasterxml\jackson\core\jackson-annotations\2.19.2\jackson-annotations-2.19.2.jar;C:\Users\abhis\.m2\repository\com\fasterxml\jackson\core\jackson-core\2.19.2\jackson-core-2.19.2.jar;C:\Users\abhis\.m2\repository\org\springframework\boot\spring-boot-devtools\3.5.6\spring-boot-devtools-3.5.6.jar;C:\Users\abhis\.m2\repository\org\springframework\boot\spring-boot\3.5.6\spring-boot-3.5.6.jar;C:\Users\abhis\.m2\repository\org\springframework\boot\spring-boot-autoconfigure\3.5.6\spring-boot-autoconfigure-3.5.6.jar;C:\Users\abhis\.m2\repository\com\mysql\mysql-connector-j\9.4.0\mysql-connector-j-9.4.0.jar;C:\Users\abhis\.m2\repository\org\projectlombok\lombok\1.18.40\lombok-1.18.40.jar;C:\Users\abhis\.m2\repository\jakarta\xml\bind\jakarta.xml.bind-api\4.0.2\jakarta.xml.bind-api-4.0.2.jar;C:\Users\abhis\.m2\repository\jakarta\activation\jakarta.activation-api\2.1.4\jakarta.activation-api-2.1.4.jar;C:\Users\abhis\.m2\repository\org\springframework\spring-core\6.2.11\spring-core-6.2.11.jar;C:\Users\abhis\.m2\repository\org\springframework\spring-jcl\6.2.11\spring-jcl-6.2.11.jar;C:\Users\abhis\.m2\repository\org\springframework\security\spring-security-core\6.5.5\spring-security-core-6.5.5.jar;C:\Users\abhis\.m2\repository\org\springframework\security\spring-security-crypto\6.5.5\spring-security-crypto-6.5.5.jar
Launcher Type: SUN_STANDARD

[Global flags]
     intx CICompilerCount                          = 4                                         {product} {ergonomic}
     uint ConcGCThreads                            = 2                                         {product} {ergonomic}
     uint G1ConcRefinementThreads                  = 8                                         {product} {ergonomic}
   size_t G1HeapRegionSize                         = 2097152                                   {product} {ergonomic}
    uintx GCDrainStackTargetSize                   = 64                                        {product} {ergonomic}
   size_t InitialHeapSize                          = 266338304                                 {product} {ergonomic}
     bool ManagementServer                         = true                                      {product} {command line}
   size_t MarkStackSize                            = 4194304                                   {product} {ergonomic}
   size_t MaxHeapSize                              = 4259315712                                {product} {ergonomic}
   size_t MaxNewSize                               = 2554331136                                {product} {ergonomic}
   size_t MinHeapDeltaBytes                        = 2097152                                   {product} {ergonomic}
   size_t MinHeapSize                              = 8388608                                   {product} {ergonomic}
    uintx NonNMethodCodeHeapSize                   = 4096                                   {pd product} {ergonomic}
    uintx NonProfiledCodeHeapSize                  = 0                                      {pd product} {ergonomic}
     bool ProfileInterpreter                       = false                                  {pd product} {command line}
    uintx ProfiledCodeHeapSize                     = 0                                      {pd product} {ergonomic}
     bool ShowCodeDetailsInExceptionMessages       = true                                   {manageable} {command line}
   size_t SoftMaxHeapSize                          = 4259315712                             {manageable} {ergonomic}
     intx TieredStopAtLevel                        = 1                                         {product} {command line}
     bool UseCompressedOops                        = true                           {product lp64_product} {ergonomic}
     bool UseG1GC                                  = true                                      {product} {ergonomic}
     bool UseLargePagesIndividualAllocation        = false                                  {pd product} {ergonomic}

Logging:
Log output configuration:
 #0: stdout all=warning uptime,level,tags foldmultilines=false
 #1: stderr all=off uptime,level,tags foldmultilines=false

Environment Variables:
PATH=C:/STS Tool/sts-4.27.0.RELEASE//plugins/org.eclipse.justj.openjdk.hotspot.jre.full.win32.x86_64_21.0.5.v20241023-1957/jre/bin/server;C:/STS Tool/sts-4.27.0.RELEASE//plugins/org.eclipse.justj.openjdk.hotspot.jre.full.win32.x86_64_21.0.5.v20241023-1957/jre/bin;C:\Program Files\Java\jdk-17\bin;C:\Python313\Scripts\;C:\Python313\;C:\Users\oracle\bin;C:\Program Files\Common Files\Oracle\Java\javapath;C:\WINDOWS\system32;C:\WINDOWS;C:\WINDOWS\System32\Wbem;C:\WINDOWS\System32\WindowsPowerShell\v1.0\;C:\WINDOWS\System32\OpenSSH\;C:\xampp\php;C:\Program Files\nodejs;C:\ProgramData\chocolatey\bin;C:\Program Files\nodejs\;C:\platform-tools;C:\Program Files\Docker\Docker\resources\bin;C:\Program Files\Apache\maven\bin;C:\Program Files\MySQL\MySQL Shell 8.0\bin\;C:\Users\abhis\AppData\Local\Microsoft\WindowsApps;C:\msys64\ucrt64\bin;C:\MinGW\bin;C:\Mongosh\;C:\Users\abhis\AppData\Roaming\npm;C:\Users\abhis\AppData\Local\Programs\Microsoft VS Code\bin;C:\Windows\System32\wbem;C:\Program Files\Apache\maven\bin;;C:\STS Tool\sts-4.27.0.RELEASE;
USERNAME=abhis
OS=Windows_NT
PROCESSOR_IDENTIFIER=Intel64 Family 6 Model 142 Stepping 10, GenuineIntel
TMP=C:\Users\abhis\AppData\Local\Temp
TEMP=C:\Users\abhis\AppData\Local\Temp




Periodic native trim disabled

---------------  S Y S T E M  ---------------

OS:
 Windows 11 , 64 bit Build 26100 (10.0.26100.5074)
OS uptime: 3 days 2:52 hours
Hyper-V role detected

CPU: total 8 (initial active 8) (4 cores per cpu, 2 threads per core) family 6 model 142 stepping 10 microcode 0xf6, cx8, cmov, fxsr, ht, mmx, 3dnowpref, sse, sse2, sse3, ssse3, sse4.1, sse4.2, popcnt, lzcnt, tsc, tscinvbit, avx, avx2, aes, erms, clmul, bmi1, bmi2, rtm, adx, fma, vzeroupper, clflush, clflushopt, hv, rdtscp, f16c
Processor Information for all 8 processors :
  Max Mhz: 1896, Current Mhz: 1696, Mhz Limit: 1687

Memory: 4k page, system-wide physical 16242M (4307M free)
TotalPageFile size 28018M (AvailPageFile size 7706M)
current process WorkingSet (physical memory assigned to process): 278M, peak: 278M
current process commit charge ("private bytes"): 309M, peak: 376M

vm_info: OpenJDK 64-Bit Server VM (21.0.5+11-LTS) for windows-amd64 JRE (21.0.5+11-LTS), built on 2024-10-15T00:00:00Z by "admin" with MS VC++ 17.7 (VS2022)

END.
